<?xml version="1.0" encoding="UTF-8"?>
<coverage generated="1628522329929" clover="3.2.0">
  <project timestamp="1628522329929" name="All files">
    <metrics statements="32" coveredstatements="32" conditionals="11" coveredconditionals="9" methods="10" coveredmethods="10" elements="53" coveredelements="51" complexity="0" loc="32" ncloc="32" packages="2" files="4" classes="4"/>
    <package name="components.Heading">
      <metrics statements="9" coveredstatements="9" conditionals="0" coveredconditionals="0" methods="3" coveredmethods="3"/>
      <file name="index.js" path="/home/adam/Desktop/version-one/version-one-dev-utils/examples/react-app-state-utils/src/components/Heading/index.js">
        <metrics statements="4" coveredstatements="4" conditionals="0" coveredconditionals="0" methods="2" coveredmethods="2"/>
        <line num="6" count="7" type="stmt"/>
        <line num="8" count="7" type="stmt"/>
        <line num="9" count="1" type="stmt"/>
        <line num="15" count="2" type="stmt"/>
      </file>
      <file name="index.stories.js" path="/home/adam/Desktop/version-one/version-one-dev-utils/examples/react-app-state-utils/src/components/Heading/index.stories.js">
        <metrics statements="5" coveredstatements="5" conditionals="0" coveredconditionals="0" methods="1" coveredmethods="1"/>
        <line num="5" count="1" type="stmt"/>
        <line num="12" count="1" type="stmt"/>
        <line num="13" count="2" type="stmt"/>
        <line num="14" count="2" type="stmt"/>
        <line num="23" count="1" type="stmt"/>
      </file>
    </package>
    <package name="containers.ItemList">
      <metrics statements="23" coveredstatements="23" conditionals="11" coveredconditionals="9" methods="7" coveredmethods="7"/>
      <file name="index.js" path="/home/adam/Desktop/version-one/version-one-dev-utils/examples/react-app-state-utils/src/containers/ItemList/index.js">
        <metrics statements="12" coveredstatements="12" conditionals="11" coveredconditionals="9" methods="6" coveredmethods="6"/>
        <line num="18" count="5" type="stmt"/>
        <line num="20" count="5" type="stmt"/>
        <line num="22" count="5" type="stmt"/>
        <line num="24" count="5" type="stmt"/>
        <line num="25" count="4" type="stmt"/>
        <line num="28" count="5" type="stmt"/>
        <line num="30" count="5" type="stmt"/>
        <line num="36" count="5" type="stmt"/>
        <line num="38" count="5" type="stmt"/>
        <line num="46" count="1" type="cond" truecount="1" falsecount="1"/>
        <line num="62" count="6" type="stmt"/>
        <line num="84" count="1" type="stmt"/>
      </file>
      <file name="index.stories.js" path="/home/adam/Desktop/version-one/version-one-dev-utils/examples/react-app-state-utils/src/containers/ItemList/index.stories.js">
        <metrics statements="11" coveredstatements="11" conditionals="0" coveredconditionals="0" methods="1" coveredmethods="1"/>
        <line num="9" count="1" type="stmt"/>
        <line num="16" count="1" type="stmt"/>
        <line num="17" count="4" type="stmt"/>
        <line num="18" count="4" type="stmt"/>
        <line num="27" count="1" type="stmt"/>
        <line num="37" count="1" type="stmt"/>
        <line num="38" count="1" type="stmt"/>
        <line num="40" count="1" type="stmt"/>
        <line num="41" count="1" type="stmt"/>
        <line num="53" count="1" type="stmt"/>
        <line num="54" count="1" type="stmt"/>
      </file>
    </package>
  </project>
</coverage>
