<?xml version="1.0" encoding="UTF-8"?>
<coverage generated="1627911341355" clover="3.2.0">
  <project timestamp="1627911341355" name="All files">
    <metrics statements="21" coveredstatements="18" conditionals="13" coveredconditionals="2" methods="7" coveredmethods="4" elements="41" coveredelements="24" complexity="0" loc="21" ncloc="21" packages="1" files="2" classes="2"/>
    <file name="index.js" path="/home/adam/Desktop/version-one/version-one-dev-utils/examples/react-app-state-utils/src/containers/ItemList/index.js">
      <metrics statements="10" coveredstatements="7" conditionals="13" coveredconditionals="2" methods="6" coveredmethods="3"/>
      <line num="10" count="2" type="stmt"/>
      <line num="12" count="2" type="stmt"/>
      <line num="14" count="2" type="stmt"/>
      <line num="16" count="2" type="stmt"/>
      <line num="17" count="2" type="stmt"/>
      <line num="20" count="2" type="stmt"/>
      <line num="22" count="2" type="stmt"/>
      <line num="29" count="0" type="stmt"/>
      <line num="36" count="0" type="cond" truecount="0" falsecount="2"/>
      <line num="48" count="0" type="stmt"/>
    </file>
    <file name="index.stories.js" path="/home/adam/Desktop/version-one/version-one-dev-utils/examples/react-app-state-utils/src/containers/ItemList/index.stories.js">
      <metrics statements="11" coveredstatements="11" conditionals="0" coveredconditionals="0" methods="1" coveredmethods="1"/>
      <line num="9" count="1" type="stmt"/>
      <line num="16" count="1" type="stmt"/>
      <line num="17" count="2" type="stmt"/>
      <line num="18" count="2" type="stmt"/>
      <line num="27" count="1" type="stmt"/>
      <line num="35" count="1" type="stmt"/>
      <line num="36" count="1" type="stmt"/>
      <line num="38" count="1" type="stmt"/>
      <line num="39" count="1" type="stmt"/>
      <line num="51" count="1" type="stmt"/>
      <line num="52" count="1" type="stmt"/>
    </file>
  </project>
</coverage>
