{"/home/adam/Desktop/version-one/version-one-dev-utils/examples/react-app-state-utils/src/containers/ItemList/index.js": {"path":"/home/adam/Desktop/version-one/version-one-dev-utils/examples/react-app-state-utils/src/containers/ItemList/index.js","statementMap":{"0":{"start":{"line":10,"column":16},"end":{"line":10,"column":61}},"1":{"start":{"line":10,"column":39},"end":{"line":10,"column":60}},"2":{"start":{"line":12,"column":25},"end":{"line":12,"column":37}},"3":{"start":{"line":14,"column":27},"end":{"line":14,"column":38}},"4":{"start":{"line":16,"column":2},"end":{"line":18,"column":9}},"5":{"start":{"line":17,"column":4},"end":{"line":17,"column":46}},"6":{"start":{"line":20,"column":20},"end":{"line":20,"column":40}},"7":{"start":{"line":22,"column":2},"end":{"line":69,"column":4}},"8":{"start":{"line":29,"column":12},"end":{"line":65,"column":17}},"9":{"start":{"line":36,"column":16},"end":{"line":38,"column":74}},"10":{"start":{"line":48,"column":30},"end":{"line":48,"column":64}}},"fnMap":{"0":{"name":"ItemList","decl":{"start":{"line":9,"column":16},"end":{"line":9,"column":24}},"loc":{"start":{"line":9,"column":32},"end":{"line":70,"column":1}},"line":9},"1":{"name":"(anonymous_1)","decl":{"start":{"line":10,"column":28},"end":{"line":10,"column":29}},"loc":{"start":{"line":10,"column":39},"end":{"line":10,"column":60}},"line":10},"2":{"name":"(anonymous_2)","decl":{"start":{"line":16,"column":18},"end":{"line":16,"column":19}},"loc":{"start":{"line":16,"column":24},"end":{"line":18,"column":3}},"line":16},"3":{"name":"(anonymous_3)","decl":{"start":{"line":28,"column":24},"end":{"line":28,"column":25}},"loc":{"start":{"line":29,"column":12},"end":{"line":65,"column":17}},"line":29},"4":{"name":"(anonymous_4)","decl":{"start":{"line":35,"column":23},"end":{"line":35,"column":24}},"loc":{"start":{"line":36,"column":16},"end":{"line":38,"column":74}},"line":36},"5":{"name":"(anonymous_5)","decl":{"start":{"line":48,"column":24},"end":{"line":48,"column":25}},"loc":{"start":{"line":48,"column":30},"end":{"line":48,"column":64}},"line":48}},"branchMap":{"0":{"loc":{"start":{"line":27,"column":9},"end":{"line":66,"column":12}},"type":"binary-expr","locations":[{"start":{"line":27,"column":9},"end":{"line":27,"column":18}},{"start":{"line":28,"column":10},"end":{"line":66,"column":12}}],"line":27},"1":{"loc":{"start":{"line":33,"column":16},"end":{"line":33,"column":65}},"type":"binary-expr","locations":[{"start":{"line":33,"column":16},"end":{"line":33,"column":30}},{"start":{"line":33,"column":34},"end":{"line":33,"column":65}}],"line":33},"2":{"loc":{"start":{"line":36,"column":16},"end":{"line":38,"column":74}},"type":"cond-expr","locations":[{"start":{"line":37,"column":20},"end":{"line":37,"column":72}},{"start":{"line":38,"column":20},"end":{"line":38,"column":74}}],"line":36},"3":{"loc":{"start":{"line":42,"column":44},"end":{"line":42,"column":76}},"type":"binary-expr","locations":[{"start":{"line":42,"column":44},"end":{"line":42,"column":58}},{"start":{"line":42,"column":62},"end":{"line":42,"column":76}}],"line":42},"4":{"loc":{"start":{"line":58,"column":18},"end":{"line":59,"column":48}},"type":"binary-expr","locations":[{"start":{"line":58,"column":18},"end":{"line":58,"column":54}},{"start":{"line":59,"column":20},"end":{"line":59,"column":48}}],"line":58},"5":{"loc":{"start":{"line":60,"column":18},"end":{"line":62,"column":51}},"type":"binary-expr","locations":[{"start":{"line":60,"column":18},"end":{"line":60,"column":55}},{"start":{"line":61,"column":20},"end":{"line":61,"column":34}},{"start":{"line":62,"column":20},"end":{"line":62,"column":51}}],"line":60}},"s":{"0":2,"1":2,"2":2,"3":2,"4":2,"5":2,"6":2,"7":2,"8":0,"9":0,"10":0},"f":{"0":2,"1":2,"2":2,"3":0,"4":0,"5":0},"b":{"0":[2,2],"1":[0,0],"2":[0,0],"3":[0,0],"4":[0,0],"5":[0,0,0]},"_coverageSchema":"1a1c01bbd47fc00a2c39e90264f33305004495a9","hash":"0207dc76196bbf013ed854e117328d403aa20096"}
,"/home/adam/Desktop/version-one/version-one-dev-utils/examples/react-app-state-utils/src/containers/ItemList/index.stories.js": {"path":"/home/adam/Desktop/version-one/version-one-dev-utils/examples/react-app-state-utils/src/containers/ItemList/index.stories.js","statementMap":{"0":{"start":{"line":9,"column":16},"end":{"line":12,"column":1}},"1":{"start":{"line":16,"column":24},"end":{"line":25,"column":1}},"2":{"start":{"line":17,"column":35},"end":{"line":17,"column":39}},"3":{"start":{"line":18,"column":2},"end":{"line":24,"column":4}},"4":{"start":{"line":27,"column":0},"end":{"line":33,"column":2}},"5":{"start":{"line":35,"column":29},"end":{"line":35,"column":46}},"6":{"start":{"line":36,"column":0},"end":{"line":36,"column":50}},"7":{"start":{"line":38,"column":31},"end":{"line":38,"column":48}},"8":{"start":{"line":39,"column":0},"end":{"line":49,"column":3}},"9":{"start":{"line":51,"column":23},"end":{"line":51,"column":40}},"10":{"start":{"line":52,"column":0},"end":{"line":56,"column":3}}},"fnMap":{"0":{"name":"(anonymous_0)","decl":{"start":{"line":16,"column":24},"end":{"line":16,"column":25}},"loc":{"start":{"line":16,"column":34},"end":{"line":25,"column":1}},"line":16}},"branchMap":{},"s":{"0":1,"1":1,"2":2,"3":2,"4":1,"5":1,"6":1,"7":1,"8":1,"9":1,"10":1},"f":{"0":2},"b":{},"_coverageSchema":"1a1c01bbd47fc00a2c39e90264f33305004495a9","hash":"0af2a319eccdc8312f3b6938571a946e3a26f424"}
}
