{"/home/adam/Desktop/version-one/version-one-dev-utils/examples/react-app-state-utils/src/components/Heading/index.js": {"path":"/home/adam/Desktop/version-one/version-one-dev-utils/examples/react-app-state-utils/src/components/Heading/index.js","statementMap":{"0":{"start":{"line":6,"column":17},"end":{"line":6,"column":30}},"1":{"start":{"line":8,"column":2},"end":{"line":12,"column":4}},"2":{"start":{"line":9,"column":24},"end":{"line":9,"column":46}},"3":{"start":{"line":15,"column":0},"end":{"line":19,"column":2}}},"fnMap":{"0":{"name":"Heading","decl":{"start":{"line":5,"column":9},"end":{"line":5,"column":16}},"loc":{"start":{"line":5,"column":24},"end":{"line":13,"column":1}},"line":5},"1":{"name":"(anonymous_1)","decl":{"start":{"line":9,"column":18},"end":{"line":9,"column":19}},"loc":{"start":{"line":9,"column":24},"end":{"line":9,"column":46}},"line":9}},"branchMap":{},"s":{"0":7,"1":7,"2":1,"3":2},"f":{"0":7,"1":1},"b":{},"_coverageSchema":"1a1c01bbd47fc00a2c39e90264f33305004495a9","hash":"2cb9e492444aaf8b1c0419182129f67f3ebecb48"}
,"/home/adam/Desktop/version-one/version-one-dev-utils/examples/react-app-state-utils/src/components/Heading/index.stories.js": {"path":"/home/adam/Desktop/version-one/version-one-dev-utils/examples/react-app-state-utils/src/components/Heading/index.stories.js","statementMap":{"0":{"start":{"line":5,"column":16},"end":{"line":8,"column":1}},"1":{"start":{"line":12,"column":24},"end":{"line":21,"column":1}},"2":{"start":{"line":13,"column":35},"end":{"line":13,"column":39}},"3":{"start":{"line":14,"column":2},"end":{"line":20,"column":4}},"4":{"start":{"line":23,"column":0},"end":{"line":29,"column":2}}},"fnMap":{"0":{"name":"(anonymous_0)","decl":{"start":{"line":12,"column":24},"end":{"line":12,"column":25}},"loc":{"start":{"line":12,"column":34},"end":{"line":21,"column":1}},"line":12}},"branchMap":{},"s":{"0":1,"1":1,"2":2,"3":2,"4":1},"f":{"0":2},"b":{},"_coverageSchema":"1a1c01bbd47fc00a2c39e90264f33305004495a9","hash":"78777f15dcc9eb74183a5edca960814b728eb44e"}
,"/home/adam/Desktop/version-one/version-one-dev-utils/examples/react-app-state-utils/src/containers/ItemList/index.js": {"path":"/home/adam/Desktop/version-one/version-one-dev-utils/examples/react-app-state-utils/src/containers/ItemList/index.js","statementMap":{"0":{"start":{"line":18,"column":16},"end":{"line":18,"column":61}},"1":{"start":{"line":18,"column":39},"end":{"line":18,"column":60}},"2":{"start":{"line":20,"column":25},"end":{"line":20,"column":37}},"3":{"start":{"line":22,"column":27},"end":{"line":22,"column":38}},"4":{"start":{"line":24,"column":2},"end":{"line":26,"column":9}},"5":{"start":{"line":25,"column":4},"end":{"line":25,"column":28}},"6":{"start":{"line":28,"column":17},"end":{"line":28,"column":30}},"7":{"start":{"line":30,"column":2},"end":{"line":81,"column":4}},"8":{"start":{"line":36,"column":26},"end":{"line":36,"column":62}},"9":{"start":{"line":38,"column":10},"end":{"line":77,"column":12}},"10":{"start":{"line":46,"column":16},"end":{"line":48,"column":74}},"11":{"start":{"line":62,"column":30},"end":{"line":62,"column":64}},"12":{"start":{"line":84,"column":0},"end":{"line":86,"column":2}}},"fnMap":{"0":{"name":"ItemList","decl":{"start":{"line":17,"column":16},"end":{"line":17,"column":24}},"loc":{"start":{"line":17,"column":32},"end":{"line":82,"column":1}},"line":17},"1":{"name":"(anonymous_1)","decl":{"start":{"line":18,"column":28},"end":{"line":18,"column":29}},"loc":{"start":{"line":18,"column":39},"end":{"line":18,"column":60}},"line":18},"2":{"name":"(anonymous_2)","decl":{"start":{"line":24,"column":18},"end":{"line":24,"column":19}},"loc":{"start":{"line":24,"column":24},"end":{"line":26,"column":3}},"line":24},"3":{"name":"(anonymous_3)","decl":{"start":{"line":35,"column":34},"end":{"line":35,"column":35}},"loc":{"start":{"line":35,"column":44},"end":{"line":78,"column":9}},"line":35},"4":{"name":"(anonymous_4)","decl":{"start":{"line":45,"column":23},"end":{"line":45,"column":24}},"loc":{"start":{"line":46,"column":16},"end":{"line":48,"column":74}},"line":46},"5":{"name":"(anonymous_5)","decl":{"start":{"line":62,"column":24},"end":{"line":62,"column":25}},"loc":{"start":{"line":62,"column":30},"end":{"line":62,"column":64}},"line":62}},"branchMap":{"0":{"loc":{"start":{"line":43,"column":16},"end":{"line":43,"column":65}},"type":"binary-expr","locations":[{"start":{"line":43,"column":16},"end":{"line":43,"column":30}},{"start":{"line":43,"column":34},"end":{"line":43,"column":65}}],"line":43},"1":{"loc":{"start":{"line":46,"column":16},"end":{"line":48,"column":74}},"type":"cond-expr","locations":[{"start":{"line":47,"column":20},"end":{"line":47,"column":72}},{"start":{"line":48,"column":20},"end":{"line":48,"column":74}}],"line":46},"2":{"loc":{"start":{"line":54,"column":40},"end":{"line":54,"column":72}},"type":"binary-expr","locations":[{"start":{"line":54,"column":40},"end":{"line":54,"column":54}},{"start":{"line":54,"column":58},"end":{"line":54,"column":72}}],"line":54},"3":{"loc":{"start":{"line":72,"column":18},"end":{"line":72,"column":57}},"type":"binary-expr","locations":[{"start":{"line":72,"column":18},"end":{"line":72,"column":25}},{"start":{"line":72,"column":29},"end":{"line":72,"column":57}}],"line":72},"4":{"loc":{"start":{"line":73,"column":18},"end":{"line":73,"column":79}},"type":"binary-expr","locations":[{"start":{"line":73,"column":18},"end":{"line":73,"column":26}},{"start":{"line":73,"column":30},"end":{"line":73,"column":44}},{"start":{"line":73,"column":48},"end":{"line":73,"column":79}}],"line":73}},"s":{"0":5,"1":5,"2":5,"3":5,"4":5,"5":4,"6":5,"7":5,"8":5,"9":5,"10":1,"11":6,"12":1},"f":{"0":5,"1":5,"2":4,"3":5,"4":1,"5":6},"b":{"0":[5,5],"1":[0,1],"2":[5,5],"3":[5,0],"4":[5,5,5]},"_coverageSchema":"1a1c01bbd47fc00a2c39e90264f33305004495a9","hash":"f67467a6bab2a98fb6dd6dfd421cfb2c05963da2"}
,"/home/adam/Desktop/version-one/version-one-dev-utils/examples/react-app-state-utils/src/containers/ItemList/index.stories.js": {"path":"/home/adam/Desktop/version-one/version-one-dev-utils/examples/react-app-state-utils/src/containers/ItemList/index.stories.js","statementMap":{"0":{"start":{"line":9,"column":16},"end":{"line":12,"column":1}},"1":{"start":{"line":16,"column":24},"end":{"line":25,"column":1}},"2":{"start":{"line":17,"column":35},"end":{"line":17,"column":39}},"3":{"start":{"line":18,"column":2},"end":{"line":24,"column":4}},"4":{"start":{"line":27,"column":0},"end":{"line":35,"column":2}},"5":{"start":{"line":37,"column":29},"end":{"line":37,"column":46}},"6":{"start":{"line":38,"column":0},"end":{"line":38,"column":50}},"7":{"start":{"line":40,"column":31},"end":{"line":40,"column":48}},"8":{"start":{"line":41,"column":0},"end":{"line":51,"column":3}},"9":{"start":{"line":53,"column":23},"end":{"line":53,"column":40}},"10":{"start":{"line":54,"column":0},"end":{"line":58,"column":3}}},"fnMap":{"0":{"name":"(anonymous_0)","decl":{"start":{"line":16,"column":24},"end":{"line":16,"column":25}},"loc":{"start":{"line":16,"column":34},"end":{"line":25,"column":1}},"line":16}},"branchMap":{},"s":{"0":1,"1":1,"2":4,"3":4,"4":1,"5":1,"6":1,"7":1,"8":1,"9":1,"10":1},"f":{"0":4},"b":{},"_coverageSchema":"1a1c01bbd47fc00a2c39e90264f33305004495a9","hash":"c23c92cf2b82b7546999bd90bf5d8fe1cf1b5297"}
}
