TN:
SF:src/containers/ItemList/index.js
FN:9,ItemList
FN:10,(anonymous_1)
FN:16,(anonymous_2)
FN:28,(anonymous_3)
FN:35,(anonymous_4)
FN:48,(anonymous_5)
FNF:6
FNH:3
FNDA:2,ItemList
FNDA:2,(anonymous_1)
FNDA:2,(anonymous_2)
FNDA:0,(anonymous_3)
FNDA:0,(anonymous_4)
FNDA:0,(anonymous_5)
DA:10,2
DA:12,2
DA:14,2
DA:16,2
DA:17,2
DA:20,2
DA:22,2
DA:29,0
DA:36,0
DA:48,0
LF:10
LH:7
BRDA:27,0,0,2
BRDA:27,0,1,2
BRDA:33,1,0,0
BRDA:33,1,1,0
BRDA:36,2,0,0
BRDA:36,2,1,0
BRDA:42,3,0,0
BRDA:42,3,1,0
BRDA:58,4,0,0
BRDA:58,4,1,0
BRDA:60,5,0,0
BRDA:60,5,1,0
BRDA:60,5,2,0
BRF:13
BRH:2
end_of_record
TN:
SF:src/containers/ItemList/index.stories.js
FN:16,(anonymous_0)
FNF:1
FNH:1
FNDA:2,(anonymous_0)
DA:9,1
DA:16,1
DA:17,2
DA:18,2
DA:27,1
DA:35,1
DA:36,1
DA:38,1
DA:39,1
DA:51,1
DA:52,1
LF:11
LH:11
BRF:0
BRH:0
end_of_record
