TN:
SF:src/components/Heading/index.js
FN:5,Heading
FN:9,(anonymous_1)
FNF:2
FNH:2
FNDA:7,Heading
FNDA:1,(anonymous_1)
DA:6,7
DA:8,7
DA:9,1
DA:15,2
LF:4
LH:4
BRF:0
BRH:0
end_of_record
TN:
SF:src/components/Heading/index.stories.js
FN:12,(anonymous_0)
FNF:1
FNH:1
FNDA:2,(anonymous_0)
DA:5,1
DA:12,1
DA:13,2
DA:14,2
DA:23,1
LF:5
LH:5
BRF:0
BRH:0
end_of_record
TN:
SF:src/containers/ItemList/index.js
FN:17,ItemList
FN:18,(anonymous_1)
FN:24,(anonymous_2)
FN:35,(anonymous_3)
FN:45,(anonymous_4)
FN:62,(anonymous_5)
FNF:6
FNH:6
FNDA:5,ItemList
FNDA:5,(anonymous_1)
FNDA:4,(anonymous_2)
FNDA:5,(anonymous_3)
FNDA:1,(anonymous_4)
FNDA:6,(anonymous_5)
DA:18,5
DA:20,5
DA:22,5
DA:24,5
DA:25,4
DA:28,5
DA:30,5
DA:36,5
DA:38,5
DA:46,1
DA:62,6
DA:84,1
LF:12
LH:12
BRDA:43,0,0,5
BRDA:43,0,1,5
BRDA:46,1,0,0
BRDA:46,1,1,1
BRDA:54,2,0,5
BRDA:54,2,1,5
BRDA:72,3,0,5
BRDA:72,3,1,0
BRDA:73,4,0,5
BRDA:73,4,1,5
BRDA:73,4,2,5
BRF:11
BRH:9
end_of_record
TN:
SF:src/containers/ItemList/index.stories.js
FN:16,(anonymous_0)
FNF:1
FNH:1
FNDA:4,(anonymous_0)
DA:9,1
DA:16,1
DA:17,4
DA:18,4
DA:27,1
DA:37,1
DA:38,1
DA:40,1
DA:41,1
DA:53,1
DA:54,1
LF:11
LH:11
BRF:0
BRH:0
end_of_record
