{"numFailedTestSuites":1,"numFailedTests":0,"numPassedTestSuites":0,"numPassedTests":0,"numPendingTestSuites":0,"numPendingTests":0,"numRuntimeErrorTestSuites":1,"numTodoTests":0,"numTotalTestSuites":1,"numTotalTests":0,"openHandles":[],"snapshot":{"added":0,"didUpdate":false,"failure":false,"filesAdded":0,"filesRemoved":0,"filesRemovedList":[],"filesUnmatched":0,"filesUpdated":0,"matched":0,"total":0,"unchecked":0,"uncheckedKeysByFile":[],"unmatched":0,"updated":0},"startTime":1627987359106,"success":false,"testResults":[{"assertionResults":[],"coverage":{},"endTime":1627987359189,"message":"  \u001b[1m● \u001b[22mTest suite failed to run\n\n    SyntaxError: /home/adam/Desktop/version-one/version-one-dev-utils/examples/react-app-state-utils/src/containers/ItemList/index.test.js: Support for the experimental syntax 'jsx' isn't currently enabled (20:12):\n\n    \u001b[0m \u001b[90m 18 | \u001b[39mdescribe(\u001b[32m\"ItemList (Template Story)\"\u001b[39m\u001b[33m,\u001b[39m () \u001b[33m=>\u001b[39m {\u001b[0m\n    \u001b[0m \u001b[90m 19 | \u001b[39m  it(\u001b[32m\"Renders\"\u001b[39m\u001b[33m,\u001b[39m () \u001b[33m=>\u001b[39m {\u001b[0m\n    \u001b[0m\u001b[31m\u001b[1m>\u001b[22m\u001b[39m\u001b[90m 20 | \u001b[39m    render(\u001b[33m<\u001b[39m\u001b[33mTemplate\u001b[39m \u001b[33m/\u001b[39m\u001b[33m>\u001b[39m)\u001b[33m;\u001b[39m\u001b[0m\n    \u001b[0m \u001b[90m    | \u001b[39m           \u001b[31m\u001b[1m^\u001b[22m\u001b[39m\u001b[0m\n    \u001b[0m \u001b[90m 21 | \u001b[39m  })\u001b[33m;\u001b[39m\u001b[0m\n    \u001b[0m \u001b[90m 22 | \u001b[39m  it(\u001b[32m\"Displays heading\"\u001b[39m\u001b[33m,\u001b[39m () \u001b[33m=>\u001b[39m {\u001b[0m\n    \u001b[0m \u001b[90m 23 | \u001b[39m    render(\u001b[33m<\u001b[39m\u001b[33mTemplate\u001b[39m \u001b[33m/\u001b[39m\u001b[33m>\u001b[39m)\u001b[33m;\u001b[39m\u001b[0m\n\n    Add @babel/preset-react (https://git.io/JfeDR) to the 'presets' section of your Babel config to enable transformation.\n    If you want to leave it as-is, add @babel/plugin-syntax-jsx (https://git.io/vb4yA) to the 'plugins' section to enable parsing.\n\n      \u001b[2mat Parser._raise (\u001b[22m../../node_modules/@babel/parser/src/parser/error.js\u001b[2m:60:45)\u001b[22m\n      \u001b[2mat Parser.raiseWithData (\u001b[22m../../node_modules/@babel/parser/src/parser/error.js\u001b[2m:55:17)\u001b[22m\n      \u001b[2mat Parser.expectOnePlugin (\u001b[22m../../node_modules/@babel/parser/src/parser/util.js\u001b[2m:157:18)\u001b[22m\n      \u001b[2mat Parser.parseExprAtom (\u001b[22m../../node_modules/@babel/parser/src/parser/expression.js\u001b[2m:1153:18)\u001b[22m\n      \u001b[2mat Parser.parseExprSubscripts (\u001b[22m../../node_modules/@babel/parser/src/parser/expression.js\u001b[2m:565:23)\u001b[22m\n      \u001b[2mat Parser.parseUpdate (\u001b[22m../../node_modules/@babel/parser/src/parser/expression.js\u001b[2m:545:21)\u001b[22m\n      \u001b[2mat Parser.parseMaybeUnary (\u001b[22m../../node_modules/@babel/parser/src/parser/expression.js\u001b[2m:529:17)\u001b[22m\n      \u001b[2mat Parser.parseExprOps (\u001b[22m../../node_modules/@babel/parser/src/parser/expression.js\u001b[2m:349:23)\u001b[22m\n      \u001b[2mat Parser.parseMaybeConditional (\u001b[22m../../node_modules/@babel/parser/src/parser/expression.js\u001b[2m:314:23)\u001b[22m\n      \u001b[2mat Parser.parseMaybeAssign (\u001b[22m../../node_modules/@babel/parser/src/parser/expression.js\u001b[2m:269:21)\u001b[22m\n","name":"/home/adam/Desktop/version-one/version-one-dev-utils/examples/react-app-state-utils/src/containers/ItemList/index.test.js","startTime":1627987359189,"status":"failed","summary":""}],"wasInterrupted":false}